-------------------- Log Start | Tue Dec 23 13:46:34 2025 --------------------
platform: Linux-6.12.47+rpt-rpi-v8-aarch64-with-glibc2.36
data_path: /home/e3v2/printer_data
is_default_data_path: False
config_file: /home/e3v2/printer_data/config/moonraker.conf
backup_config: /home/e3v2/printer_data/config/.moonraker.conf.bkp
startup_warnings: []
verbose: False
debug: False
asyncio_debug: False
is_backup_config: False
is_python_package: True
instance_uuid: db01dcd83f654e06bbc4ef0c0d2ff6e7
unix_socket_path: /home/e3v2/printer_data/comms/moonraker.sock
structured_logging: False
software_version: v0.9.3-123-g8426f41
git_branch: master
git_remote: origin
git_repo_url: https://github.com/Arksine/moonraker.git
modified_files: []
unofficial_components: []
log_file: /home/e3v2/printer_data/logs/moonraker.log
python_version: 3.11.2 (main, Apr 28 2025, 14:11:48) [GCC 12.2.0]
launch_args: /home/e3v2/moonraker-env/bin/python /home/e3v2/moonraker/moonraker/__main__.py
msgspec_enabled: True
uvloop_enabled: True

#################### Moonraker Configuration ####################

[server]
host = 0.0.0.0
port = 7125
max_upload_size = 1024
klippy_uds_address = ~/printer_data/comms/klippy.sock

[file_manager]
enable_object_processing = False

[authorization]
cors_domains = 
	https://my.mainsail.xyz
	http://my.mainsail.xyz
	http://*.local
	http://*.lan
trusted_clients = 
	10.0.0.0/8
	127.0.0.0/8
	169.254.0.0/16
	172.16.0.0/12
	192.168.0.0/16
	FE80::/10
	::1/128

[octoprint_compat]

[history]

[announcements]
subscriptions = 
	mainsail

[update_manager]
refresh_interval = 168
enable_auto_refresh = True

[update_manager mainsail]
type = web
channel = stable
repo = mainsail-crew/mainsail
path = ~/mainsail

[update_manager mainsail-config]
type = git_repo
primary_branch = master
path = ~/mainsail-config
origin = https://github.com/mainsail-crew/mainsail-config.git
managed_services = klipper

[update_manager crowsnest]
type = git_repo
path = ~/crowsnest
origin = https://github.com/mainsail-crew/crowsnest.git
managed_services = crowsnest
install_script = tools/pkglist.sh

[update_manager sonar]
type = git_repo
path = ~/sonar
origin = https://github.com/mainsail-crew/sonar.git
primary_branch = main
managed_services = sonar
system_dependencies = resources/system-dependencies.json

#################################################################
All Configuration Files:
/home/e3v2/printer_data/config/moonraker.conf
#################################################################
2025-12-23 14:46:34,351 [confighelper.py:read_file()] - Configuration File '/home/e3v2/printer_data/config/moonraker.conf' parsed, total size: 2192 B
2025-12-23 14:46:34,352 [server.py:add_log_rollover_item()] - 
#################### Moonraker Configuration ####################

[server]
host = 0.0.0.0
port = 7125
max_upload_size = 1024
klippy_uds_address = ~/printer_data/comms/klippy.sock

[file_manager]
enable_object_processing = False

[authorization]
cors_domains = 
	https://my.mainsail.xyz
	http://my.mainsail.xyz
	http://*.local
	http://*.lan
trusted_clients = 
	10.0.0.0/8
	127.0.0.0/8
	169.254.0.0/16
	172.16.0.0/12
	192.168.0.0/16
	FE80::/10
	::1/128

[octoprint_compat]

[history]

[announcements]
subscriptions = 
	mainsail

[update_manager]
refresh_interval = 168
enable_auto_refresh = True

[update_manager mainsail]
type = web
channel = stable
repo = mainsail-crew/mainsail
path = ~/mainsail

[update_manager mainsail-config]
type = git_repo
primary_branch = master
path = ~/mainsail-config
origin = https://github.com/mainsail-crew/mainsail-config.git
managed_services = klipper

[update_manager crowsnest]
type = git_repo
path = ~/crowsnest
origin = https://github.com/mainsail-crew/crowsnest.git
managed_services = crowsnest
install_script = tools/pkglist.sh

[update_manager sonar]
type = git_repo
path = ~/sonar
origin = https://github.com/mainsail-crew/sonar.git
primary_branch = main
managed_services = sonar
system_dependencies = resources/system-dependencies.json

#################################################################
All Configuration Files:
/home/e3v2/printer_data/config/moonraker.conf
#################################################################
2025-12-23 14:46:34,695 [server.py:load_component()] - Component (secrets) loaded
2025-12-23 14:46:34,716 [server.py:load_component()] - Component (template) loaded
2025-12-23 14:46:34,729 [server.py:load_component()] - Component (klippy_connection) loaded
2025-12-23 14:46:37,069 [application.py:__init__()] - Detected Tornado Version 6.5.1
2025-12-23 14:46:37,074 [server.py:load_component()] - Component (application) loaded
2025-12-23 14:46:37,144 [server.py:load_component()] - Component (websockets) loaded
2025-12-23 14:46:37,281 [server.py:add_log_rollover_item()] - Loading Sqlite database provider. Sqlite Version: 3.40.1
2025-12-23 14:46:37,297 [server.py:add_log_rollover_item()] - Unsafe Shutdown Count: 11
2025-12-23 14:46:37,304 [server.py:load_component()] - Component (database) loaded
2025-12-23 14:46:37,729 [server.py:load_component()] - Component (dbus_manager) loaded
2025-12-23 14:46:37,790 [file_manager.py:__init__()] - Using File System Observer: inotify
2025-12-23 14:46:37,867 [server.py:load_component()] - Component (file_manager) loaded
2025-12-23 14:46:37,903 [database.py:register_table()] - Found registered table authorized_users
2025-12-23 14:46:37,906 [authorization.py:__init__()] - Authorization Configuration Loaded
Trusted Clients:
10.0.0.0/8
127.0.0.0/8
169.254.0.0/16
172.16.0.0/12
192.168.0.0/16
fe80::/10
::1/128
CORS Domains:
https://my\.mainsail\.xyz
http://my\.mainsail\.xyz
http://.*\.local
http://.*\.lan
2025-12-23 14:46:37,912 [server.py:load_component()] - Component (authorization) loaded
2025-12-23 14:46:37,921 [server.py:load_component()] - Component (klippy_apis) loaded
2025-12-23 14:46:38,291 [server.py:add_log_rollover_item()] - 
System Info:

***python***
  version: (3, 11, 2, 'final', 0)
  version_string: 3.11.2 (main, Apr 28 2025, 14:11:48) [GCC 12.2.0]

***cpu_info***
  cpu_count: 4
  bits: 64bit
  processor: aarch64
  cpu_desc: 
  serial_number: 52e7be9a
  hardware_desc: 
  model: Raspberry Pi Zero 2 W Rev 1.0
  total_memory: 363096
  memory_units: kB

***sd_info***
  manufacturer_id: 1b
  manufacturer: Samsung
  oem_id: 534d
  product_name: FD4Q9
  product_revision: 3.0
  serial_number: 30d0566f
  manufacturer_date: 8/2024
  capacity: 119.4 GiB
  total_bytes: 128177930240

***distribution***
  name: Debian GNU/Linux 12 (bookworm)
  id: debian
  version: 12
  version_parts: {'major': '12', 'minor': '', 'build_number': ''}
  like: 
  codename: bookworm
  release_info: {'name': 'MainsailOS', 'version_id': '2.2.2', 'codename': 'bookworm', 'id': 'mainsailos'}
  kernel_version: 6.12.47+rpt-rpi-v8

***virtualization***
  virt_type: none
  virt_identifier: none

***network***

***canbus***

***Allowed Services***
  klipper_mcu
  webcamd
  MoonCord
  KlipperScreen
  moonraker-telegram-bot
  moonraker-obico
  sonar
  crowsnest
  octoeverywhere
  ratos-configurator
2025-12-23 14:46:38,305 [server.py:load_component()] - Component (shell_command) loaded
2025-12-23 14:46:38,305 [machine.py:__init__()] - Using System Provider: systemd_dbus
2025-12-23 14:46:38,565 [server.py:add_log_rollover_item()] - Found libcamera Python module, version: v0.5.2+99-bfd68f78
2025-12-23 14:46:38,566 [server.py:load_component()] - Component (machine) loaded
2025-12-23 14:46:38,578 [server.py:load_component()] - Component (data_store) loaded
2025-12-23 14:46:38,584 [proc_stats.py:__init__()] - Detected 'vcgencmd', throttle checking enabled
2025-12-23 14:46:38,586 [proc_stats.py:_get_cpu_thermal_file()] - Monitoring temperature for Raspberry Pi CPU
2025-12-23 14:46:38,587 [server.py:load_component()] - Component (proc_stats) loaded
2025-12-23 14:46:38,590 [server.py:load_component()] - Component (job_state) loaded
2025-12-23 14:46:38,599 [server.py:load_component()] - Component (job_queue) loaded
2025-12-23 14:46:38,604 [database.py:register_table()] - Found registered table job_history
2025-12-23 14:46:38,605 [database.py:register_table()] - Found registered table job_totals
2025-12-23 14:46:38,610 [server.py:load_component()] - Component (history) loaded
2025-12-23 14:46:38,631 [server.py:load_component()] - Component (http_client) loaded
2025-12-23 14:46:38,642 [server.py:load_component()] - Component (announcements) loaded
2025-12-23 14:46:38,649 [server.py:load_component()] - Component (webcam) loaded
2025-12-23 14:46:38,654 [server.py:load_component()] - Component (extensions) loaded
2025-12-23 14:46:38,814 [base_deploy.py:log_info()] - Git Repo moonraker: Detected virtualenv: /home/e3v2/moonraker-env
2025-12-23 14:46:38,822 [base_deploy.py:log_info()] - Git Repo klipper: Detected virtualenv: /home/e3v2/klippy-env
2025-12-23 14:46:38,865 [server.py:load_component()] - Component (update_manager) loaded
2025-12-23 14:46:38,875 [server.py:load_component()] - Component (octoprint_compat) loaded
2025-12-23 14:46:38,876 [server.py:_initialize_component()] - Performing Component Post Init: [database]
2025-12-23 14:46:38,898 [server.py:_initialize_component()] - Performing Component Post Init: [dbus_manager]
2025-12-23 14:46:38,914 [server.py:_initialize_component()] - Performing Component Post Init: [authorization]
2025-12-23 14:46:38,917 [server.py:_initialize_component()] - Performing Component Post Init: [machine]
2025-12-23 14:46:38,920 [machine.py:validation_init()] - Installation version in database up to date
2025-12-23 14:46:39,709 [machine.py:check_virt_status()] - No Virtualization Detected
2025-12-23 14:46:39,799 [machine.py:_find_public_ip()] - Detected Local IP: 192.168.178.158
2025-12-23 14:46:39,802 [webcam.py:_set_default_host_ip()] - Default public webcam address set: http://192.168.178.158
2025-12-23 14:46:39,895 [server.py:add_log_rollover_item()] - 
Systemd unit moonraker.service:
unit_name: moonraker.service
is_default: True
manager: systemd
Properties:
**Requires=['system.slice', 'network-online.target', 'sysinit.target']
**After=['system.slice', 'systemd-journald.socket', 'klipper.service', 'network-online.target', 'sysinit.target', 'basic.target']
**SupplementaryGroups=['moonraker-admin']
**EnvironmentFiles=/home/e3v2/printer_data/systemd/moonraker.env
**ExecStart=/home/e3v2/moonraker-env/bin/python $MOONRAKER_ARGS
**WorkingDirectory=
**FragmentPath=/etc/systemd/system/moonraker.service
**Description=API Server for Klipper SV1
**User=e3v2
2025-12-23 14:46:39,895 [server.py:_initialize_component()] - Performing Component Post Init: [proc_stats]
2025-12-23 14:46:39,896 [server.py:_initialize_component()] - Performing Component Post Init: [history]
2025-12-23 14:46:39,904 [server.py:_initialize_component()] - Performing Component Post Init: [announcements]
2025-12-23 14:46:39,914 [server.py:_initialize_component()] - Performing Component Post Init: [webcam]
2025-12-23 14:46:39,915 [webcam.py:_set_default_host_ip()] - Default public webcam address set: http://192.168.178.158
2025-12-23 14:46:39,920 [server.py:_initialize_component()] - Performing Component Post Init: [klippy_connection]
2025-12-23 14:46:39,920 [server.py:add_log_rollover_item()] - 
Systemd unit klipper.service:
unit_name: klipper.service
is_default: True
manager: systemd
Properties:
**Requires=['system.slice', 'sysinit.target', '-.mount']
**After=['-.mount', 'basic.target', 'sysinit.target', 'network-online.target', 'systemd-journald.socket', 'klipper-mcu.service', 'system.slice']
**SupplementaryGroups=[]
**EnvironmentFiles=/home/e3v2/printer_data/systemd/klipper.env
**ExecStart=/home/e3v2/klippy-env/bin/python $KLIPPER_ARGS
**WorkingDirectory=/home/e3v2/klipper
**FragmentPath=/etc/systemd/system/klipper.service
**Description=Klipper 3D Printer Firmware SV1
**User=e3v2
2025-12-23 14:46:39,921 [server.py:_initialize_component()] - Performing Component Post Init: [update_manager]
2025-12-23 14:46:40,583 [base_deploy.py:log_info()] - PackageDeploy: PackageKit Provider Configured
2025-12-23 14:46:40,586 [git_deploy.py:log_repo_info()] - Git Repo moonraker Detected:
Owner: Arksine
Repository Name: moonraker
Path: /home/e3v2/moonraker
Remote: origin
Branch: master
Remote URL: https://github.com/Arksine/moonraker.git
Recovery URL: https://github.com/Arksine/moonraker.git
Current Commit SHA: 8426f4107c7afb9adf876fce53b2cd725370523a
Upstream Commit SHA: 5b92e52e296d99ce43d1612ae83fb588ae47fc27
Current Version: v0.9.3-123-g8426f410
Upstream Version: v0.9.3-130-g5b92e52e
Rollback Commit: 5836eab233bc0b88c9fcf692a1e926939d3f68e3
Rollback Branch: master
Rollback Version: v0.9.3-120-g5836eab2
Is Dirty: False
Is Detached: False
Is Shallow: False
Commits Behind Count: 7
Diverged: False
Pinned Commit: None
Repo Warnings:
  Repo has untracked source files: ['moonraker/components/timelapse.py']
2025-12-23 14:46:40,589 [git_deploy.py:log_repo_info()] - Git Repo klipper Detected:
Owner: Klipper3d
Repository Name: klipper
Path: /home/e3v2/klipper
Remote: origin
Branch: master
Remote URL: https://github.com/Klipper3d/klipper.git
Recovery URL: https://github.com/Klipper3d/klipper.git
Current Commit SHA: ba79d72fb47bc254f22382b355d8204eda9959c4
Upstream Commit SHA: dc622f4ac329de2d987cbdfd24477641bdb742fb
Current Version: v0.13.0-375-gba79d72f
Upstream Version: v0.13.0-433-gdc622f4a
Rollback Commit: 99c0bfca4f4875e8a602c9b4ffc698d9e5cc59a0
Rollback Branch: master
Rollback Version: v0.13.0-374-g99c0bfca
Is Dirty: False
Is Detached: False
Is Shallow: False
Commits Behind Count: 58
Diverged: False
Pinned Commit: None
2025-12-23 14:46:40,597 [base_deploy.py:log_info()] - Web Client mainsail: Detected
Repo: mainsail-crew/mainsail
Channel: stable
Path: /home/e3v2/mainsail
Local Version: v2.14.0
Remote Version: v2.16.0
Valid: True
Fallback Detected: False
Pre-release: False
Download Url: https://github.com/mainsail-crew/mainsail/releases/download/v2.16.0/mainsail.zip
Download Size: 3000883
Content Type: application/zip
Rollback Version: v2.14.0
Rollback Repo: mainsail-crew/mainsail
2025-12-23 14:46:40,600 [git_deploy.py:log_repo_info()] - Git Repo mainsail-config Detected:
Owner: mainsail-crew
Repository Name: mainsail-config
Path: /home/e3v2/mainsail-config
Remote: origin
Branch: master
Remote URL: https://github.com/mainsail-crew/mainsail-config.git
Recovery URL: https://github.com/mainsail-crew/mainsail-config.git
Current Commit SHA: ff3869a621db17ce3ef660adbbd3fa321995ac42
Upstream Commit SHA: ff3869a621db17ce3ef660adbbd3fa321995ac42
Current Version: v1.2.1-1-gff3869a6
Upstream Version: v1.2.1-1-gff3869a6
Rollback Commit: ff3869a621db17ce3ef660adbbd3fa321995ac42
Rollback Branch: master
Rollback Version: v1.2.1-1-gff3869a6
Is Dirty: False
Is Detached: False
Is Shallow: False
Commits Behind Count: 0
Diverged: False
Pinned Commit: None
2025-12-23 14:46:40,603 [git_deploy.py:log_repo_info()] - Git Repo crowsnest Detected:
Owner: mainsail-crew
Repository Name: crowsnest
Path: /home/e3v2/crowsnest
Remote: origin
Branch: master
Remote URL: https://github.com/mainsail-crew/crowsnest.git
Recovery URL: https://github.com/mainsail-crew/crowsnest.git
Current Commit SHA: 9cc3d4af94bcc67741ddf07ac301df5de8ba23a4
Upstream Commit SHA: 9cc3d4af94bcc67741ddf07ac301df5de8ba23a4
Current Version: v4.1.17-1-g9cc3d4af
Upstream Version: v4.1.17-1-g9cc3d4af
Rollback Commit: 059fa8775f60503f7aca4bb4812795997b35b142
Rollback Branch: master
Rollback Version: v4.1.16-1-g059fa877
Is Dirty: False
Is Detached: False
Is Shallow: False
Commits Behind Count: 0
Diverged: False
Pinned Commit: None
2025-12-23 14:46:40,612 [git_deploy.py:log_repo_info()] - Git Repo sonar Detected:
Owner: mainsail-crew
Repository Name: sonar
Path: /home/e3v2/sonar
Remote: origin
Branch: main
Remote URL: https://github.com/mainsail-crew/sonar.git
Recovery URL: https://github.com/mainsail-crew/sonar.git
Current Commit SHA: 3fe23fef07dbc19a9b66bdd111bbd1d574d19955
Upstream Commit SHA: 3fe23fef07dbc19a9b66bdd111bbd1d574d19955
Current Version: v0.2.0-0-g3fe23fef
Upstream Version: v0.2.0-0-g3fe23fef
Rollback Commit: 3fe23fef07dbc19a9b66bdd111bbd1d574d19955
Rollback Branch: main
Rollback Version: v0.2.0-0-g3fe23fef
Is Dirty: False
Is Detached: False
Is Shallow: False
Commits Behind Count: 0
Diverged: False
Pinned Commit: None
2025-12-23 14:46:40,613 [base_deploy.py:log_info()] - PackageKit: Next refresh in: 2 Days, 22 Hours, 46 Minutes, 53 Seconds
2025-12-23 14:46:40,613 [base_deploy.py:log_info()] - Git Repo moonraker: Next refresh in: 2 Days, 22 Hours, 46 Minutes, 56 Seconds
2025-12-23 14:46:40,613 [base_deploy.py:log_info()] - Git Repo klipper: Next refresh in: 2 Days, 22 Hours, 46 Minutes, 59 Seconds
2025-12-23 14:46:40,613 [base_deploy.py:log_info()] - Web Client mainsail: Next refresh in: 2 Days, 22 Hours, 47 Minutes
2025-12-23 14:46:40,613 [base_deploy.py:log_info()] - Git Repo mainsail-config: Next refresh in: 2 Days, 22 Hours, 47 Minutes, 1 Second
2025-12-23 14:46:40,613 [base_deploy.py:log_info()] - Git Repo crowsnest: Next refresh in: 2 Days, 22 Hours, 47 Minutes, 2 Seconds
2025-12-23 14:46:40,614 [base_deploy.py:log_info()] - Git Repo sonar: Next refresh in: 2 Days, 22 Hours, 47 Minutes, 3 Seconds
2025-12-23 14:46:40,778 [extensions.py:start_unix_server()] - Creating Unix Domain Socket at '/home/e3v2/printer_data/comms/moonraker.sock'
2025-12-23 14:46:40,779 [server.py:start_server()] - Starting Moonraker on (0.0.0.0, 7125), Hostname: Ender3V2
2025-12-23 14:46:40,781 [application.py:listen()] - SSL Certificate/Key not configured, aborting HTTPS Server startup
2025-12-23 14:46:41,033 [klippy_connection.py:_do_connect()] - Klippy Connection Established
2025-12-23 14:46:41,137 [server.py:add_log_rollover_item()] - 
Systemd unit klipper.service:
unit_name: klipper.service
is_default: True
manager: systemd
Properties:
**Requires=['sysinit.target', 'system.slice', '-.mount']
**After=['network-online.target', 'systemd-journald.socket', 'system.slice', 'sysinit.target', 'basic.target', '-.mount', 'klipper-mcu.service']
**SupplementaryGroups=[]
**EnvironmentFiles=/home/e3v2/printer_data/systemd/klipper.env
**ExecStart=/home/e3v2/klippy-env/bin/python $KLIPPER_ARGS
**WorkingDirectory=/home/e3v2/klipper
**FragmentPath=/etc/systemd/system/klipper.service
**Description=Klipper 3D Printer Firmware SV1
**User=e3v2
2025-12-23 14:46:41,390 [server.py:add_log_rollover_item()] - Klipper Version: v0.13.0-375-gba79d72fb
2025-12-23 14:46:42,425 [klippy_connection.py:_request_initial_subscriptions()] - Webhooks Subscribed
2025-12-23 14:46:42,426 [klippy_connection.py:_request_initial_subscriptions()] - GCode Output Subscribed
2025-12-23 14:46:42,675 [job_state.py:_handle_started()] - Job state initialized: standby
2025-12-23 14:46:42,942 [klippy_connection.py:_check_ready()] - Klippy ready
2025-12-23 14:46:43,433 [data_store.py:_init_sensors()] - Configuring available sensors: ['temperature_sensor raspberry_pi', 'temperature_sensor mcu_temp', 'heater_bed', 'extruder']
2025-12-23 15:01:56,602 [authorization.py:_check_trusted_connection()] - Trusted Connection Detected, IP: 192.168.178.14
2025-12-23 15:01:56,630 [application.py:prepare()] - Upload Request Received from 192.168.178.14
Content-Type: multipart/form-data; boundary=------------------------39a9c8c55b2782f0
2025-12-23 15:01:58,298 [application.py:log_request()] - 101 GET /websocket (192.168.178.14) [_TRUSTED_USER_] 6.48ms
2025-12-23 15:01:58,299 [websockets.py:open()] - Websocket Opened: ID: 547903530128, Proxied: True, User Agent: BBL-Slicer/v01.10.01.50 (light) Mozilla/5.0 (Macintosh; Intel Mac OS X 10_15_7) AppleWebKit/605.1.15 (KHTML, like Gecko), Host Name: 192.168.178.158
2025-12-23 15:01:58,486 [websockets.py:_handle_identify()] - Websocket 547903530128 Client Identified - Name: mainsail, Version: 2.14.0, Type: web
2025-12-23 15:02:01,047 [application.py:post()] - Processing Uploaded File: q-tip_travel_case_lid_PLA_1h52m.gcode
2025-12-23 15:02:02,485 [shell_command.py:pipe_data_received()] - INFO:metadata:Processor preprocess_cancellation is disabled

2025-12-23 15:02:02,890 [shell_command.py:_check_proc_success()] - Command (/home/e3v2/moonraker-env/bin/python /home/e3v2/moonraker/moonraker/components/file_manager/metadata.py -c /tmp/metacfg-qx1zs64v.json) successfully finished
2025-12-23 15:02:02,897 [application.py:log_request()] - 201 POST /api/files/local (192.168.178.14) [_TRUSTED_USER_] 6270.40ms
2025-12-23 15:02:06,609 [common.py:build_error()] - JSON-RPC Request Error - Requested Method: printer.gcode.script, Code: 400, Message: Must home axis first: 245.000 225.000 0.000 [0.000]
2025-12-23 15:02:40,296 [common.py:build_error()] - JSON-RPC Request Error - Requested Method: printer.gcode.script, Code: 400, Message: Extrude below minimum temp
See the 'min_extrude_temp' config option for details
2025-12-23 15:03:51,947 [application.py:prepare()] - Upload Request Received from 192.168.178.14
Content-Type: multipart/form-data; boundary=----WebKitFormBoundaryO4Ux9YZBrOZmQdkk
2025-12-23 15:03:51,975 [application.py:post()] - Processing Uploaded File: macros.cfg
2025-12-23 15:03:51,993 [application.py:log_request()] - 201 POST /server/files/upload (192.168.178.14) [_TRUSTED_USER_] 48.66ms
2025-12-23 15:03:53,066 [klippy_connection.py:_on_connection_closed()] - Klippy Connection Removed
2025-12-23 15:03:54,326 [klippy_connection.py:_do_connect()] - Klippy Connection Established
2025-12-23 15:03:58,384 [klippy_connection.py:_request_initial_subscriptions()] - Webhooks Subscribed
2025-12-23 15:03:58,385 [klippy_connection.py:_request_initial_subscriptions()] - GCode Output Subscribed
2025-12-23 15:03:58,635 [job_state.py:_handle_started()] - Job state initialized: standby
2025-12-23 15:03:58,896 [klippy_connection.py:_check_ready()] - Klippy ready
2025-12-23 15:03:59,401 [data_store.py:_init_sensors()] - Configuring available sensors: ['temperature_sensor raspberry_pi', 'temperature_sensor mcu_temp', 'heater_bed', 'extruder']
2025-12-23 15:08:00,760 [klippy_apis.py:start_print()] - Requesting Job Start, filename = q-tip_travel_case_lid_PLA_1h52m.gcode
2025-12-23 15:08:00,842 [job_state.py:_send_job_event()] - Job Started: q-tip_travel_case_lid_PLA_1h52m.gcode
2025-12-23 16:11:38,925 [authorization.py:_prune_conn_handler()] - Trusted Connection Expired, IP: 192.168.178.14
